2025-11-11 10:30:40,461 - INFO - === 日志初始化成功 ===
2025-11-11 10:30:40,461 - INFO - [流程]订单提交程序启动......
2025-11-11 10:30:40,518 - INFO - 已将配置文件中的下载目录更新为：D:/FYdata1
2025-11-11 10:30:42,093 - INFO - 浏览器初始化成功
2025-11-11 10:30:42,094 - INFO - [流程]正在打开风云卫星数据网站......
2025-11-11 10:30:48,201 - INFO - [流程]开始登录流程......
2025-11-11 10:30:53,230 - INFO - 点击了元素//*[@id="common-login"]
2025-11-11 10:30:53,315 - INFO - 成功输入文本到元素---cuibinge@sdust.edu.cn:xpath: //*[@id="inputUserNameCN"]
2025-11-11 10:30:53,364 - INFO - 成功输入文本到元素---Cui@12306:xpath: //*[@id="inputPasswordCN"]
2025-11-11 10:30:53,959 - INFO - 识别到验证码: 2fry
2025-11-11 10:30:54,055 - INFO - 成功输入文本到元素---2fry:xpath: //*[@id="inputValidateCodeCN"]
2025-11-11 10:30:57,110 - INFO - 点击了元素//*[@id="logincn"]/div[2]/div/div/div[2]/div[2]/div[6]/button
2025-11-11 10:31:00,127 - INFO - 成功找到'风云极轨卫星'元素登录成功
2025-11-11 10:31:00,127 - INFO - [流程]网页登录成功
2025-11-11 10:31:00,127 - INFO - [流程]开始选择卫星数据......
2025-11-11 10:31:06,181 - INFO - 点击了元素/html/body/div[4]/div[4]/div[1]/div/div[1]/div[1]/ul/li[2]
2025-11-11 10:31:09,253 - INFO - 点击了元素/html/body/div[4]/div[4]/div[1]/div/div[1]/div[3]/ul/li[4]
2025-11-11 10:31:12,339 - INFO - 点击了元素/html/body/div[4]/div[4]/div[1]/div/div[1]/div[4]/ul/li[1]
2025-11-11 10:31:15,411 - INFO - 点击了元素//*[@id="select2-sel-dataType-container"]
2025-11-11 10:31:20,480 - INFO - 点击了元素/html/body/span/span/span[2]/ul/li[1]
2025-11-11 10:31:20,480 - INFO - [流程]FY-3D卫星数据筛选完成
2025-11-11 10:31:20,480 - INFO - [流程]开始选择空间范围......
2025-11-11 10:31:26,054 - INFO - 点击了元素//*[@id="txt-spaceArea"]
2025-11-11 10:31:26,101 - INFO - 成功输入文本到元素---90:xpath: //*[@id="other-North_D"]
2025-11-11 10:31:26,157 - INFO - 成功输入文本到元素---00:xpath: //*[@id="other-North_M"]
2025-11-11 10:31:26,208 - INFO - 成功输入文本到元素----180:xpath: //*[@id="other-West_D"]
2025-11-11 10:31:26,263 - INFO - 成功输入文本到元素---00:xpath: //*[@id="other-West_M"]
2025-11-11 10:31:26,305 - INFO - 成功输入文本到元素---180:xpath: //*[@id="other-East_D"]
2025-11-11 10:31:26,349 - INFO - 成功输入文本到元素---00:xpath: //*[@id="other-East_M"]
2025-11-11 10:31:26,396 - INFO - 成功输入文本到元素---60:xpath: //*[@id="other-South_D"]
2025-11-11 10:31:26,440 - INFO - 成功输入文本到元素---00:xpath: //*[@id="other-South_M"]
2025-11-11 10:31:29,514 - INFO - 点击了元素//*[@id="other-GISWebLocation"]/input
2025-11-11 10:31:32,557 - INFO - 点击了元素//*[@id="btn-space-area-confirm"]
2025-11-11 10:31:32,570 - INFO - 成功通过JS设置文本到元素-- xpath: //*[@id="c-beginDate"]
2025-11-11 10:31:32,581 - INFO - 成功通过JS设置文本到元素-- xpath: //*[@id="c-endDate"]
2025-11-11 10:31:33,083 - INFO - [流程]空间范围选择完成
2025-11-11 10:31:33,083 - INFO - [流程]开始筛选数据提交订单......
2025-11-11 10:31:38,138 - INFO - 点击了元素//*[@id="btn-search"]
2025-11-11 10:31:44,229 - INFO - 点击了元素//*[@id="menuProNames"]
2025-11-11 10:31:47,291 - INFO - 点击了元素//*[@id="fileListHead"]/th[3]/div/ul/li[3]/a/input
2025-11-11 10:31:50,338 - INFO - 点击了元素//*[@id="searchId"]
2025-11-11 10:31:53,394 - INFO - 点击了元素//*[@id="allSele1"]
2025-11-11 10:31:56,439 - INFO - 点击了元素//*[@id="fileListModal"]/div[2]/div/div[1]/button/span
2025-11-11 10:31:59,486 - INFO - 点击了元素/html/body/div[4]/div[4]/div[1]/div/div[1]/div[3]/ul/li[3]
2025-11-11 10:32:02,535 - INFO - 点击了元素//*[@id="select2-sel-dataType-container"]
2025-11-11 10:32:05,589 - INFO - 点击了元素//ul[contains(@id, "select2-sel-dataType-results")]//li[contains(text(), "中分辨率光谱成像仪(MERSI)")]
2025-11-11 10:32:05,589 - INFO - [流程]开始选择空间范围......
2025-11-11 10:32:11,147 - INFO - 点击了元素//*[@id="txt-spaceArea"]
2025-11-11 10:32:11,199 - INFO - 成功输入文本到元素---90:xpath: //*[@id="other-North_D"]
2025-11-11 10:32:11,251 - INFO - 成功输入文本到元素---00:xpath: //*[@id="other-North_M"]
2025-11-11 10:32:11,299 - INFO - 成功输入文本到元素----180:xpath: //*[@id="other-West_D"]
2025-11-11 10:32:11,347 - INFO - 成功输入文本到元素---00:xpath: //*[@id="other-West_M"]
2025-11-11 10:32:11,393 - INFO - 成功输入文本到元素---180:xpath: //*[@id="other-East_D"]
2025-11-11 10:32:11,444 - INFO - 成功输入文本到元素---00:xpath: //*[@id="other-East_M"]
2025-11-11 10:32:11,493 - INFO - 成功输入文本到元素---60:xpath: //*[@id="other-South_D"]
2025-11-11 10:32:11,540 - INFO - 成功输入文本到元素---00:xpath: //*[@id="other-South_M"]
2025-11-11 10:32:14,590 - INFO - 点击了元素//*[@id="other-GISWebLocation"]/input
2025-11-11 10:32:17,639 - INFO - 点击了元素//*[@id="btn-space-area-confirm"]
2025-11-11 10:32:17,655 - INFO - 成功通过JS设置文本到元素-- xpath: //*[@id="c-beginDate"]
2025-11-11 10:32:17,668 - INFO - 成功通过JS设置文本到元素-- xpath: //*[@id="c-endDate"]
2025-11-11 10:32:18,183 - INFO - [流程]空间范围选择完成
2025-11-11 10:32:21,228 - INFO - 点击了元素//*[@id="btn-search"]
2025-11-11 10:32:27,288 - INFO - 点击了元素//*[@id="menuProNames"]
2025-11-11 10:32:30,342 - INFO - 点击了元素//*[@id="fileListHead"]/th[3]/div/ul/li[4]/a/input
2025-11-11 10:32:33,396 - INFO - 点击了元素//*[@id="fileListHead"]/th[3]/div/ul/li[1]/a/input
2025-11-11 10:32:36,441 - INFO - 点击了元素//*[@id="searchId"]
2025-11-11 10:32:39,495 - INFO - 点击了元素//*[@id="allSele1"]
2025-11-11 10:32:43,020 - INFO - 点击了元素//*[@id="commitEdit"]
2025-11-11 10:32:46,063 - INFO - 点击了元素/html/body/div[4]/div/div[3]/div[2]/div[2]/div[4]/button
2025-11-11 10:32:47,103 - INFO - 成功写入5个订单号到download.txt
2025-11-11 10:32:47,103 - INFO - [流程]筛选数据提交订单完成
2025-11-11 10:32:47,103 - INFO - [流程]开始查看订单......
2025-11-11 10:32:50,318 - INFO - 点击了元素//*[@id="submit-order"]/div[2]/div/div[3]/button[1]
2025-11-11 10:32:50,318 - INFO - [流程]查看订单完成
2025-11-11 10:32:50,318 - INFO - [流程]提交订单所有操作完成
